c:\users\nacho\dropbox\ort\algoritmos 2\practico\ejemplo\debug\vc120.pdb
c:\users\nacho\dropbox\ort\algoritmos 2\practico\ejemplo\debug\vc120.idb
c:\users\nacho\dropbox\ort\algoritmos 2\practico\ejemplo\debug\avlimp.obj
c:\users\nacho\dropbox\ort\algoritmos 2\practico\ejemplo\debug\main.obj
c:\users\nacho\dropbox\ort\algoritmos 2\practico\ejemplo\debug\nodoavl.obj
c:\users\nacho\dropbox\ort\algoritmos 2\practico\ejemplo\debug\ejemplo.vcxprojresolveassemblyreference.cache
c:\users\nacho\dropbox\ort\algoritmos 2\practico\ejemplo\debug\ejemplo.pdb
c:\users\nacho\dropbox\ort\algoritmos 2\practico\ejemplo\debug\ejemplo.tlog\cl.command.1.tlog
c:\users\nacho\dropbox\ort\algoritmos 2\practico\ejemplo\debug\ejemplo.tlog\cl.read.1.tlog
c:\users\nacho\dropbox\ort\algoritmos 2\practico\ejemplo\debug\ejemplo.tlog\cl.write.1.tlog
c:\users\nacho\dropbox\ort\algoritmos 2\practico\ejemplo\debug\ejemplo.tlog\link-cvtres.read.1.tlog
c:\users\nacho\dropbox\ort\algoritmos 2\practico\ejemplo\debug\ejemplo.tlog\link-cvtres.write.1.tlog
c:\users\nacho\dropbox\ort\algoritmos 2\practico\ejemplo\debug\ejemplo.tlog\link-rc.read.1.tlog
c:\users\nacho\dropbox\ort\algoritmos 2\practico\ejemplo\debug\ejemplo.tlog\link-rc.write.1.tlog
c:\users\nacho\dropbox\ort\algoritmos 2\practico\ejemplo\debug\ejemplo.tlog\link.1784-cvtres.read.1.tlog
c:\users\nacho\dropbox\ort\algoritmos 2\practico\ejemplo\debug\ejemplo.tlog\link.1784-cvtres.write.1.tlog
c:\users\nacho\dropbox\ort\algoritmos 2\practico\ejemplo\debug\ejemplo.tlog\link.1784-rc.read.1.tlog
c:\users\nacho\dropbox\ort\algoritmos 2\practico\ejemplo\debug\ejemplo.tlog\link.1784-rc.write.1.tlog
c:\users\nacho\dropbox\ort\algoritmos 2\practico\ejemplo\debug\ejemplo.tlog\link.1784.read.1.tlog
c:\users\nacho\dropbox\ort\algoritmos 2\practico\ejemplo\debug\ejemplo.tlog\link.1784.write.1.tlog
c:\users\nacho\dropbox\ort\algoritmos 2\practico\ejemplo\debug\ejemplo.tlog\link.command.1.tlog
c:\users\nacho\dropbox\ort\algoritmos 2\practico\ejemplo\debug\ejemplo.tlog\link.read.1.tlog
c:\users\nacho\dropbox\ort\algoritmos 2\practico\ejemplo\debug\ejemplo.tlog\link.write.1.tlog
