Build started 20/09/2015 11:23:48.
     1>Project "C:\Users\Nacho\Dropbox\ORT\Algoritmos 2\Practico\Framework\Framework.vcxproj" on node 2 (Build target(s)).
     1>ClCompile:
         C:\Program Files (x86)\Microsoft Visual Studio 12.0\VC\bin\CL.exe /c /ZI /nologo /W3 /WX- /Od /Oy- /D WIN32 /D _DEBUG /D _LIB /D _UNICODE /D UNICODE /Gm /EHsc /RTC1 /MDd /GS /fp:precise /Zc:wchar_t /Zc:forScope /Fo"Debug\\" /Fd"Debug\vc120.pdb" /Gd /TP /analyze- /errorReport:prompt Array.cpp ArrayIteracion.cpp Puntero.cpp Cadena.cpp Comparador.cpp CadenaFuncionHash.cpp ConcatIteracion.cpp ConvertIteracion.cpp Iterador.cpp Matriz.cpp MatrizIteracion.cpp MemoryShare.cpp ConductorPrueba.cpp EstadisticaPrueba.cpp ManejadorImpresion.cpp ManejadorImpresionTxt.cpp ManejadorImpresionXml.cpp Prueba.cpp PruebaMemoria.cpp Tupla.cpp
         Tupla.cpp
         PruebaMemoria.cpp
         Prueba.cpp
         ManejadorImpresionXml.cpp
         ManejadorImpresionTxt.cpp
         ManejadorImpresion.cpp
         EstadisticaPrueba.cpp
         ConductorPrueba.cpp
         MemoryShare.cpp
         MatrizIteracion.cpp
         Matriz.cpp
         Iterador.cpp
         ConvertIteracion.cpp
         ConcatIteracion.cpp
         CadenaFuncionHash.cpp
         Comparador.cpp
         Cadena.cpp
         Puntero.cpp
         ArrayIteracion.cpp
         Array.cpp
         Generating Code...
       Lib:
         C:\Program Files (x86)\Microsoft Visual Studio 12.0\VC\bin\Lib.exe /OUT:"C:\Users\Nacho\Dropbox\ORT\Algoritmos 2\Practico\Ejemplo\Debug\Framework.lib" /NOLOGO /IGNORE:4221 Debug\Array.obj
         Debug\ArrayIteracion.obj
         Debug\Puntero.obj
         Debug\Cadena.obj
         Debug\Comparador.obj
         Debug\CadenaFuncionHash.obj
         Debug\ConcatIteracion.obj
         Debug\ConvertIteracion.obj
         Debug\Iterador.obj
         Debug\Matriz.obj
         Debug\MatrizIteracion.obj
         Debug\MemoryShare.obj
         Debug\ConductorPrueba.obj
         Debug\EstadisticaPrueba.obj
         Debug\ManejadorImpresion.obj
         Debug\ManejadorImpresionTxt.obj
         Debug\ManejadorImpresionXml.obj
         Debug\Prueba.obj
         Debug\PruebaMemoria.obj
         Debug\Tupla.obj
         Framework.vcxproj -> C:\Users\Nacho\Dropbox\ORT\Algoritmos 2\Practico\Ejemplo\Debug\Framework.lib
     1>Done Building Project "C:\Users\Nacho\Dropbox\ORT\Algoritmos 2\Practico\Framework\Framework.vcxproj" (Build target(s)).

Build succeeded.

Time Elapsed 00:00:10.81
